App/app/build/intermediates/manifest_merge_blame_file/debug/manifest-merger-blame-debug-report.txt
1<?xml version="1.0" encoding="utf-8"?>
2<!--   ~ SPDX-License-Identifier: GPL-3.0-only -->
3<manifest xmlns:android="http://schemas.android.com/apk/res/android"
4    package="com.tiefensuche.motionmate.debug"
5    android:versionCode="6"
6    android:versionName="1.3-debug" >
7
8    <uses-sdk
9        android:minSdkVersion="14"
9-->src/main/AndroidManifest.xml
10        android:targetSdkVersion="28" />
10-->src/main/AndroidManifest.xml
11
12    <uses-permission android:name="android.permission.RECEIVE_BOOT_COMPLETED" />
12-->src/main/AndroidManifest.xml:10:5-81
12-->src/main/AndroidManifest.xml:10:22-78
13    <uses-permission android:name="android.permission.FOREGROUND_SERVICE" />
13-->src/main/AndroidManifest.xml:11:5-77
13-->src/main/AndroidManifest.xml:11:22-74
14
15    <uses-feature
15-->src/main/AndroidManifest.xml:13:5-15:36
16        android:name="android.hardware.sensor.accelerometer"
16-->src/main/AndroidManifest.xml:14:9-61
17        android:required="false" />
17-->src/main/AndroidManifest.xml:15:9-33
18    <uses-feature
18-->src/main/AndroidManifest.xml:16:5-18:36
19        android:name="android.hardware.sensor.stepcounter"
19-->src/main/AndroidManifest.xml:17:9-59
20        android:required="false" />
20-->src/main/AndroidManifest.xml:18:9-33
21
22    <application
22-->src/main/AndroidManifest.xml:20:5-50:19
23        android:allowBackup="true"
23-->src/main/AndroidManifest.xml:21:9-35
24        android:appComponentFactory="android.support.v4.app.CoreComponentFactory"
24-->[com.android.support:support-compat:28.0.0] AndroidManifest.xml:22:18-91
25        android:debuggable="true"
26        android:fullBackupContent="@xml/backup_descriptor"
26-->src/main/AndroidManifest.xml:22:9-59
27        android:icon="@mipmap/ic_launcher"
27-->src/main/AndroidManifest.xml:23:9-43
28        android:label="@string/app_name"
28-->src/main/AndroidManifest.xml:24:9-41
29        android:supportsRtl="true"
29-->src/main/AndroidManifest.xml:25:9-35
30        android:testOnly="true"
31        android:theme="@style/AppTheme" >
31-->src/main/AndroidManifest.xml:26:9-40
32        <activity android:name="com.tiefensuche.motionmate.ui.cards.secondPage" />
32-->src/main/AndroidManifest.xml:28:9-57
32-->src/main/AndroidManifest.xml:28:19-54
33        <activity android:name="com.tiefensuche.motionmate.ui.cards.firstPage" />
33-->src/main/AndroidManifest.xml:29:9-56
33-->src/main/AndroidManifest.xml:29:19-53
34        <activity android:name="com.tiefensuche.motionmate.ui.cards.StartingActivity" >
34-->src/main/AndroidManifest.xml:30:9-36:20
34-->src/main/AndroidManifest.xml:30:19-60
35            <intent-filter>
35-->src/main/AndroidManifest.xml:31:13-35:29
36                <action android:name="android.intent.action.MAIN" />
36-->src/main/AndroidManifest.xml:32:17-69
36-->src/main/AndroidManifest.xml:32:25-66
37
38                <category android:name="android.intent.category.LAUNCHER" />
38-->src/main/AndroidManifest.xml:34:17-77
38-->src/main/AndroidManifest.xml:34:27-74
39            </intent-filter>
40        </activity>
41        <activity
41-->src/main/AndroidManifest.xml:37:9-41:59
42            android:name="com.tiefensuche.motionmate.ui.MainActivity"
42-->src/main/AndroidManifest.xml:38:13-44
43            android:label="@string/app_name"
43-->src/main/AndroidManifest.xml:39:13-45
44            android:launchMode="singleInstance"
44-->src/main/AndroidManifest.xml:40:13-48
45            android:theme="@style/AppTheme.NoActionBar" />
45-->src/main/AndroidManifest.xml:41:13-56
46
47        <service
47-->src/main/AndroidManifest.xml:43:9-45:48
48            android:name="com.tiefensuche.motionmate.service.MotionService"
48-->src/main/AndroidManifest.xml:44:13-50
49            android:process=":MotionService" />
49-->src/main/AndroidManifest.xml:45:13-45
50
51        <receiver android:name="com.tiefensuche.motionmate.service.OnBootReceiver" >
51-->src/main/AndroidManifest.xml:47:9-49:20
51-->src/main/AndroidManifest.xml:47:19-57
52        </receiver>
53    </application>
54
55</manifest>